<?xml version="1.0" encoding="UTF-8"?>
<!-- Generated by org.testng.reporters.JUnitXMLReporter -->
<testsuite ignored="0" hostname="DESKTOP-IJMIGTF" failures="0" tests="8" name="Default test" time="18.391" errors="0" timestamp="2024-06-08T00:02:17 PDT">
  <testcase classname="test.APIPortalTest" name="loginTest_TC01" time="2.995"/>
  <testcase classname="test.APIPortalTest" name="loginTestWithWrongCredentials_TC02" time="0.271"/>
  <testcase classname="test.APIPortalTest" name="loginTestWithEmptyCredentials_TC03" time="0.285"/>
  <testcase classname="test.APIPortalTest" name="addUSer_TC04" time="3.329"/>
  <testcase classname="test.APIPortalTest" name="getUser_TC05" time="8.352"/>
  <testcase classname="test.APIPortalTest" name="updateUser_TC06" time="0.795"/>
  <testcase classname="test.APIPortalTest" name="deleteUser_TC07" time="0.693"/>
  <testcase classname="test.APIPortalTest" name="logout_TC08" time="0.603"/>
</testsuite> <!-- Default test -->
