<?xml version="1.0" encoding="UTF-8"?>
<!-- Generated by org.testng.reporters.JUnitXMLReporter -->
<testsuite ignored="0" hostname="DESKTOP-IJMIGTF" failures="0" tests="8" name="Test" time="21.57" errors="0" timestamp="2024-06-08T00:12:04 PDT">
  <testcase classname="test.APIPortalTest" name="loginTest_TC01" time="2.636"/>
  <testcase classname="test.APIPortalTest" name="loginTestWithWrongCredentials_TC02" time="0.263"/>
  <testcase classname="test.APIPortalTest" name="loginTestWithEmptyCredentials_TC03" time="0.256"/>
  <testcase classname="test.APIPortalTest" name="addUSer_TC04" time="1.357"/>
  <testcase classname="test.APIPortalTest" name="getUser_TC05" time="14.75"/>
  <testcase classname="test.APIPortalTest" name="updateUser_TC06" time="0.593"/>
  <testcase classname="test.APIPortalTest" name="deleteUser_TC07" time="0.613"/>
  <testcase classname="test.APIPortalTest" name="logout_TC08" time="0.472"/>
</testsuite> <!-- Test -->
