<?xml version="1.0" encoding="UTF-8"?>
<!-- Generated by org.testng.reporters.JUnitXMLReporter -->
<testsuite ignored="0" hostname="DESKTOP-IJMIGTF" failures="0" tests="8" name="Test" time="21.476" errors="0" timestamp="2024-06-08T00:14:00 PDT">
  <testcase classname="test.APIPortalTest" name="loginTest_TC01" time="2.536"/>
  <testcase classname="test.APIPortalTest" name="loginTestWithWrongCredentials_TC02" time="0.272"/>
  <testcase classname="test.APIPortalTest" name="loginTestWithEmptyCredentials_TC03" time="0.24"/>
  <testcase classname="test.APIPortalTest" name="addUSer_TC04" time="1.317"/>
  <testcase classname="test.APIPortalTest" name="getUser_TC05" time="13.664"/>
  <testcase classname="test.APIPortalTest" name="updateUser_TC06" time="1.959"/>
  <testcase classname="test.APIPortalTest" name="deleteUser_TC07" time="0.439"/>
  <testcase classname="test.APIPortalTest" name="logout_TC08" time="0.459"/>
</testsuite> <!-- Test -->
