<?xml version="1.0" encoding="UTF-8"?>
<testsuite xmlns:xsi="http://www.w3.org/2001/XMLSchema-instance" xsi:noNamespaceSchemaLocation="https://maven.apache.org/surefire/maven-surefire-plugin/xsd/surefire-test-report.xsd" name="TestSuite" time="24.565" tests="8" errors="0" skipped="0" failures="0">
  <properties>
[...]
</properties>
  <testcase name="loginTest_TC01" classname="test.APIPortalTest" time="2.52"/>
  <testcase name="loginTestWithWrongCredentials_TC02" classname="test.APIPortalTest" time="0.288"/>
  <testcase name="loginTestWithEmptyCredentials_TC03" classname="test.APIPortalTest" time="0.237"/>
  <testcase name="addUSer_TC04" classname="test.APIPortalTest" time="1.311"/>
  <testcase name="getUser_TC05" classname="test.APIPortalTest" time="17.627"/>
  <testcase name="updateUser_TC06" classname="test.APIPortalTest" time="0"/>
  <testcase name="deleteUser_TC07" classname="test.APIPortalTest" time="0"/>
  <testcase name="logout_TC08" classname="test.APIPortalTest" time="0.001"/>
</testsuite>