<?xml version="1.0" encoding="UTF-8"?>
<testng-results ignored="0" total="8" passed="8" failed="0" skipped="0">
  <reporter-output>
  </reporter-output>
  <suite started-at="2024-06-08T00:11:42 PDT" name="Suite" finished-at="2024-06-08T00:12:04 PDT" duration-ms="21570">
    <groups>
    </groups>
    <test started-at="2024-06-08T00:11:42 PDT" name="Test" finished-at="2024-06-08T00:12:04 PDT" duration-ms="21570">
      <class name="test.APIPortalTest">
        <test-method is-config="true" signature="doConfiguration()[pri:0, instance:test.APIPortalTest@7e1a1da6]" started-at="2024-06-08T00:11:42 PDT" name="doConfiguration" finished-at="2024-06-08T00:11:42 PDT" duration-ms="251" status="PASS">
          <reporter-output>
          </reporter-output>
        </test-method> <!-- doConfiguration -->
        <test-method is-config="true" signature="intialize()[pri:0, instance:test.APIPortalTest@7e1a1da6]" started-at="2024-06-08T00:11:42 PDT" name="intialize" finished-at="2024-06-08T00:11:43 PDT" duration-ms="527" status="PASS">
          <reporter-output>
          </reporter-output>
        </test-method> <!-- intialize -->
        <test-method signature="loginTest_TC01()[pri:1, instance:test.APIPortalTest@7e1a1da6]" started-at="2024-06-08T00:11:43 PDT" name="loginTest_TC01" finished-at="2024-06-08T00:11:45 PDT" duration-ms="2636" status="PASS">
          <reporter-output>
          </reporter-output>
        </test-method> <!-- loginTest_TC01 -->
        <test-method signature="loginTestWithWrongCredentials_TC02()[pri:2, instance:test.APIPortalTest@7e1a1da6]" started-at="2024-06-08T00:11:45 PDT" name="loginTestWithWrongCredentials_TC02" finished-at="2024-06-08T00:11:46 PDT" duration-ms="263" status="PASS">
          <reporter-output>
          </reporter-output>
        </test-method> <!-- loginTestWithWrongCredentials_TC02 -->
        <test-method signature="loginTestWithEmptyCredentials_TC03()[pri:3, instance:test.APIPortalTest@7e1a1da6]" started-at="2024-06-08T00:11:46 PDT" name="loginTestWithEmptyCredentials_TC03" finished-at="2024-06-08T00:11:46 PDT" duration-ms="256" status="PASS">
          <reporter-output>
          </reporter-output>
        </test-method> <!-- loginTestWithEmptyCredentials_TC03 -->
        <test-method signature="addUSer_TC04()[pri:4, instance:test.APIPortalTest@7e1a1da6]" started-at="2024-06-08T00:11:46 PDT" name="addUSer_TC04" finished-at="2024-06-08T00:11:47 PDT" duration-ms="1357" status="PASS">
          <reporter-output>
          </reporter-output>
        </test-method> <!-- addUSer_TC04 -->
        <test-method signature="getUser_TC05()[pri:5, instance:test.APIPortalTest@7e1a1da6]" started-at="2024-06-08T00:11:47 PDT" name="getUser_TC05" finished-at="2024-06-08T00:12:02 PDT" duration-ms="14750" status="PASS">
          <reporter-output>
          </reporter-output>
        </test-method> <!-- getUser_TC05 -->
        <test-method signature="updateUser_TC06()[pri:6, instance:test.APIPortalTest@7e1a1da6]" started-at="2024-06-08T00:12:02 PDT" name="updateUser_TC06" finished-at="2024-06-08T00:12:03 PDT" duration-ms="593" status="PASS">
          <reporter-output>
          </reporter-output>
        </test-method> <!-- updateUser_TC06 -->
        <test-method signature="deleteUser_TC07()[pri:7, instance:test.APIPortalTest@7e1a1da6]" started-at="2024-06-08T00:12:03 PDT" name="deleteUser_TC07" finished-at="2024-06-08T00:12:03 PDT" duration-ms="613" status="PASS">
          <reporter-output>
          </reporter-output>
        </test-method> <!-- deleteUser_TC07 -->
        <test-method signature="logout_TC08()[pri:8, instance:test.APIPortalTest@7e1a1da6]" started-at="2024-06-08T00:12:03 PDT" name="logout_TC08" finished-at="2024-06-08T00:12:04 PDT" duration-ms="472" status="PASS">
          <reporter-output>
          </reporter-output>
        </test-method> <!-- logout_TC08 -->
        <test-method is-config="true" signature="tearDownConfig()[pri:0, instance:test.APIPortalTest@7e1a1da6]" started-at="2024-06-08T00:12:04 PDT" name="tearDownConfig" finished-at="2024-06-08T00:12:04 PDT" duration-ms="17" status="PASS">
          <reporter-output>
          </reporter-output>
        </test-method> <!-- tearDownConfig -->
      </class> <!-- test.APIPortalTest -->
    </test> <!-- Test -->
  </suite> <!-- Suite -->
</testng-results>
